{"D:\\FoodApp\\src\\common\\CartSlice.js": {"path":"D:\\FoodApp\\src\\common\\CartSlice.js","statementMap":{"0":{"start":{"line":3,"column":24},"end":{"line":19,"column":2}},"1":{"start":{"line":10,"column":10},"end":{"line":10,"column":46}},"2":{"start":{"line":13,"column":9},"end":{"line":13,"column":30}},"3":{"start":{"line":16,"column":13},"end":{"line":16,"column":38}},"4":{"start":{"line":23,"column":50},"end":{"line":23,"column":67}}},"fnMap":{"0":{"name":"(anonymous_0)","decl":{"start":{"line":9,"column":16},"end":{"line":9,"column":17}},"loc":{"start":{"line":9,"column":32},"end":{"line":11,"column":9}},"line":9},"1":{"name":"(anonymous_1)","decl":{"start":{"line":12,"column":19},"end":{"line":12,"column":20}},"loc":{"start":{"line":12,"column":35},"end":{"line":14,"column":9}},"line":12},"2":{"name":"(anonymous_2)","decl":{"start":{"line":15,"column":18},"end":{"line":15,"column":19}},"loc":{"start":{"line":15,"column":34},"end":{"line":17,"column":9}},"line":15}},"branchMap":{},"s":{"0":1,"1":0,"2":0,"3":0,"4":1},"f":{"0":0,"1":0,"2":0},"b":{},"_coverageSchema":"1a1c01bbd47fc00a2c39e90264f33305004495a9","hash":"e005de7d5d4c7b0d145cc0fde08b70bd0890251d"}
,"D:\\FoodApp\\src\\common\\GlobalData.js": {"path":"D:\\FoodApp\\src\\common\\GlobalData.js","statementMap":{"0":{"start":{"line":3,"column":16},"end":{"line":3,"column":52}}},"fnMap":{},"branchMap":{},"s":{"0":2},"f":{},"b":{},"_coverageSchema":"1a1c01bbd47fc00a2c39e90264f33305004495a9","hash":"850a9191cf5b89b0d72cc7f36f85e3e3fd1d1d01"}
,"D:\\FoodApp\\src\\common\\ReduxStore.js": {"path":"D:\\FoodApp\\src\\common\\ReduxStore.js","statementMap":{"0":{"start":{"line":5,"column":19},"end":{"line":9,"column":2}}},"fnMap":{},"branchMap":{},"s":{"0":1},"f":{},"b":{},"_coverageSchema":"1a1c01bbd47fc00a2c39e90264f33305004495a9","hash":"3b4b0ae23428156495806cdc75d42ab2c7444a7e"}
,"D:\\FoodApp\\src\\common\\constant.js": {"path":"D:\\FoodApp\\src\\common\\constant.js","statementMap":{"0":{"start":{"line":1,"column":26},"end":{"line":1,"column":109}},"1":{"start":{"line":4,"column":18},"end":{"line":4,"column":62}},"2":{"start":{"line":6,"column":17},"end":{"line":6,"column":278}},"3":{"start":{"line":8,"column":24},"end":{"line":8,"column":162}},"4":{"start":{"line":10,"column":25},"end":{"line":10,"column":160}},"5":{"start":{"line":12,"column":16},"end":{"line":12,"column":99}},"6":{"start":{"line":14,"column":18},"end":{"line":14,"column":141}}},"fnMap":{},"branchMap":{},"s":{"0":2,"1":2,"2":2,"3":2,"4":2,"5":2,"6":2},"f":{},"b":{},"_coverageSchema":"1a1c01bbd47fc00a2c39e90264f33305004495a9","hash":"6b5560b152d0b05542e7683658805a9c4861e060"}
,"D:\\FoodApp\\src\\common\\useOnlineCheck.js": {"path":"D:\\FoodApp\\src\\common\\useOnlineCheck.js","statementMap":{"0":{"start":{"line":2,"column":21},"end":{"line":11,"column":1}},"1":{"start":{"line":3,"column":41},"end":{"line":3,"column":55}},"2":{"start":{"line":5,"column":3},"end":{"line":9,"column":9}},"3":{"start":{"line":6,"column":2},"end":{"line":6,"column":66}},"4":{"start":{"line":6,"column":41},"end":{"line":6,"column":63}},"5":{"start":{"line":8,"column":2},"end":{"line":8,"column":64}},"6":{"start":{"line":8,"column":40},"end":{"line":8,"column":61}},"7":{"start":{"line":10,"column":4},"end":{"line":10,"column":24}}},"fnMap":{"0":{"name":"(anonymous_0)","decl":{"start":{"line":2,"column":21},"end":{"line":2,"column":22}},"loc":{"start":{"line":2,"column":25},"end":{"line":11,"column":1}},"line":2},"1":{"name":"(anonymous_1)","decl":{"start":{"line":5,"column":13},"end":{"line":5,"column":14}},"loc":{"start":{"line":5,"column":17},"end":{"line":9,"column":4}},"line":5},"2":{"name":"(anonymous_2)","decl":{"start":{"line":6,"column":36},"end":{"line":6,"column":37}},"loc":{"start":{"line":6,"column":40},"end":{"line":6,"column":64}},"line":6},"3":{"name":"(anonymous_3)","decl":{"start":{"line":8,"column":35},"end":{"line":8,"column":36}},"loc":{"start":{"line":8,"column":39},"end":{"line":8,"column":62}},"line":8}},"branchMap":{},"s":{"0":1,"1":3,"2":3,"3":2,"4":0,"5":2,"6":0,"7":3},"f":{"0":3,"1":2,"2":0,"3":0},"b":{},"_coverageSchema":"1a1c01bbd47fc00a2c39e90264f33305004495a9","hash":"5d41d4ce74f300b0d8efa16f18aca4fdd0ffd2ad"}
,"D:\\FoodApp\\src\\component\\Contact.js": {"path":"D:\\FoodApp\\src\\component\\Contact.js","statementMap":{"0":{"start":{"line":3,"column":16},"end":{"line":13,"column":1}},"1":{"start":{"line":4,"column":17},"end":{"line":4,"column":37}},"2":{"start":{"line":5,"column":4},"end":{"line":12,"column":5}}},"fnMap":{"0":{"name":"(anonymous_0)","decl":{"start":{"line":3,"column":16},"end":{"line":3,"column":17}},"loc":{"start":{"line":3,"column":22},"end":{"line":13,"column":1}},"line":3}},"branchMap":{},"s":{"0":1,"1":1,"2":1},"f":{"0":1},"b":{},"_coverageSchema":"1a1c01bbd47fc00a2c39e90264f33305004495a9","hash":"69683a5b526878294d228d437e98681a338fac91"}
,"D:\\FoodApp\\src\\component\\Header.js": {"path":"D:\\FoodApp\\src\\component\\Header.js","statementMap":{"0":{"start":{"line":10,"column":15},"end":{"line":50,"column":1}},"1":{"start":{"line":11,"column":39},"end":{"line":11,"column":56}},"2":{"start":{"line":14,"column":15},"end":{"line":14,"column":31}},"3":{"start":{"line":16,"column":21},"end":{"line":19,"column":6}},"4":{"start":{"line":17,"column":8},"end":{"line":17,"column":35}},"5":{"start":{"line":18,"column":8},"end":{"line":18,"column":36}},"6":{"start":{"line":21,"column":2},"end":{"line":21,"column":37}},"7":{"start":{"line":23,"column":4},"end":{"line":49,"column":5}},"8":{"start":{"line":37,"column":42},"end":{"line":37,"column":66}}},"fnMap":{"0":{"name":"(anonymous_0)","decl":{"start":{"line":10,"column":15},"end":{"line":10,"column":16}},"loc":{"start":{"line":10,"column":21},"end":{"line":50,"column":1}},"line":10},"1":{"name":"(anonymous_1)","decl":{"start":{"line":16,"column":33},"end":{"line":16,"column":34}},"loc":{"start":{"line":16,"column":42},"end":{"line":19,"column":5}},"line":16},"2":{"name":"(anonymous_2)","decl":{"start":{"line":37,"column":37},"end":{"line":37,"column":38}},"loc":{"start":{"line":37,"column":41},"end":{"line":37,"column":67}},"line":37}},"branchMap":{"0":{"loc":{"start":{"line":33,"column":56},"end":{"line":33,"column":71}},"type":"cond-expr","locations":[{"start":{"line":33,"column":63},"end":{"line":33,"column":66}},{"start":{"line":33,"column":67},"end":{"line":33,"column":71}}],"line":33}},"s":{"0":1,"1":3,"2":3,"3":3,"4":5,"5":5,"6":3,"7":3,"8":1},"f":{"0":3,"1":5,"2":1},"b":{"0":[3,0]},"_coverageSchema":"1a1c01bbd47fc00a2c39e90264f33305004495a9","hash":"289ebafb2810e958ca108d76601b39de88403cee"}
,"D:\\FoodApp\\src\\component\\ResturantCard.js": {"path":"D:\\FoodApp\\src\\component\\ResturantCard.js","statementMap":{"0":{"start":{"line":2,"column":22},"end":{"line":19,"column":1}},"1":{"start":{"line":4,"column":24},"end":{"line":4,"column":29}},"2":{"start":{"line":5,"column":75},"end":{"line":5,"column":87}},"3":{"start":{"line":6,"column":4},"end":{"line":6,"column":36}},"4":{"start":{"line":7,"column":4},"end":{"line":18,"column":5}},"5":{"start":{"line":25,"column":35},"end":{"line":35,"column":1}},"6":{"start":{"line":26,"column":4},"end":{"line":34,"column":5}},"7":{"start":{"line":28,"column":8},"end":{"line":33,"column":9}}},"fnMap":{"0":{"name":"(anonymous_0)","decl":{"start":{"line":2,"column":22},"end":{"line":2,"column":23}},"loc":{"start":{"line":2,"column":33},"end":{"line":19,"column":1}},"line":2},"1":{"name":"(anonymous_1)","decl":{"start":{"line":25,"column":35},"end":{"line":25,"column":36}},"loc":{"start":{"line":25,"column":52},"end":{"line":35,"column":1}},"line":25},"2":{"name":"(anonymous_2)","decl":{"start":{"line":26,"column":11},"end":{"line":26,"column":12}},"loc":{"start":{"line":26,"column":20},"end":{"line":34,"column":5}},"line":26}},"branchMap":{},"s":{"0":1,"1":2,"2":2,"3":2,"4":2,"5":1,"6":1,"7":1},"f":{"0":2,"1":1,"2":1},"b":{},"_coverageSchema":"1a1c01bbd47fc00a2c39e90264f33305004495a9","hash":"99b3125ccd12c116a7e564900402969fcdf57417"}
,"D:\\FoodApp\\src\\component\\subract.js": {"path":"D:\\FoodApp\\src\\component\\subract.js","statementMap":{"0":{"start":{"line":1,"column":16},"end":{"line":3,"column":1}},"1":{"start":{"line":2,"column":3},"end":{"line":2,"column":14}}},"fnMap":{"0":{"name":"(anonymous_0)","decl":{"start":{"line":1,"column":16},"end":{"line":1,"column":17}},"loc":{"start":{"line":1,"column":23},"end":{"line":3,"column":1}},"line":1}},"branchMap":{},"s":{"0":1,"1":1},"f":{"0":1},"b":{},"_coverageSchema":"1a1c01bbd47fc00a2c39e90264f33305004495a9","hash":"7a007cdb4b122fed130cab35383ee29c554a84e1"}
,"D:\\FoodApp\\src\\component\\MockTestdata\\mockdata.js": {"path":"D:\\FoodApp\\src\\component\\MockTestdata\\mockdata.js","statementMap":{"0":{"start":{"line":1,"column":19},"end":{"line":69,"column":2}}},"fnMap":{},"branchMap":{},"s":{"0":1},"f":{},"b":{},"_coverageSchema":"1a1c01bbd47fc00a2c39e90264f33305004495a9","hash":"f348e3d5411ca68cadf642a7756b56bf7bba043f"}
}
