TN:
SF:src\common\CartSlice.js
FN:9,(anonymous_0)
FN:12,(anonymous_1)
FN:15,(anonymous_2)
FNF:3
FNH:0
FNDA:0,(anonymous_0)
FNDA:0,(anonymous_1)
FNDA:0,(anonymous_2)
DA:3,1
DA:10,0
DA:13,0
DA:16,0
DA:23,1
LF:5
LH:2
BRF:0
BRH:0
end_of_record
TN:
SF:src\common\GlobalData.js
FNF:0
FNH:0
DA:3,2
LF:1
LH:1
BRF:0
BRH:0
end_of_record
TN:
SF:src\common\ReduxStore.js
FNF:0
FNH:0
DA:5,1
LF:1
LH:1
BRF:0
BRH:0
end_of_record
TN:
SF:src\common\constant.js
FNF:0
FNH:0
DA:1,2
DA:4,2
DA:6,2
DA:8,2
DA:10,2
DA:12,2
DA:14,2
LF:7
LH:7
BRF:0
BRH:0
end_of_record
TN:
SF:src\common\useOnlineCheck.js
FN:2,(anonymous_0)
FN:5,(anonymous_1)
FN:6,(anonymous_2)
FN:8,(anonymous_3)
FNF:4
FNH:2
FNDA:3,(anonymous_0)
FNDA:2,(anonymous_1)
FNDA:0,(anonymous_2)
FNDA:0,(anonymous_3)
DA:2,1
DA:3,3
DA:5,3
DA:6,2
DA:8,2
DA:10,3
LF:6
LH:6
BRF:0
BRH:0
end_of_record
TN:
SF:src\component\Contact.js
FN:3,(anonymous_0)
FNF:1
FNH:1
FNDA:1,(anonymous_0)
DA:3,1
DA:4,1
DA:5,1
LF:3
LH:3
BRF:0
BRH:0
end_of_record
TN:
SF:src\component\Header.js
FN:10,(anonymous_0)
FN:16,(anonymous_1)
FN:37,(anonymous_2)
FNF:3
FNH:3
FNDA:3,(anonymous_0)
FNDA:5,(anonymous_1)
FNDA:1,(anonymous_2)
DA:10,1
DA:11,3
DA:14,3
DA:16,3
DA:17,5
DA:18,5
DA:21,3
DA:23,3
DA:37,1
LF:9
LH:9
BRDA:33,0,0,3
BRDA:33,0,1,0
BRF:2
BRH:1
end_of_record
TN:
SF:src\component\ResturantCard.js
FN:2,(anonymous_0)
FN:25,(anonymous_1)
FN:26,(anonymous_2)
FNF:3
FNH:3
FNDA:2,(anonymous_0)
FNDA:1,(anonymous_1)
FNDA:1,(anonymous_2)
DA:2,1
DA:4,2
DA:5,2
DA:6,2
DA:7,2
DA:25,1
DA:26,1
DA:28,1
LF:8
LH:8
BRF:0
BRH:0
end_of_record
TN:
SF:src\component\subract.js
FN:1,(anonymous_0)
FNF:1
FNH:1
FNDA:1,(anonymous_0)
DA:1,1
DA:2,1
LF:2
LH:2
BRF:0
BRH:0
end_of_record
TN:
SF:src\component\MockTestdata\mockdata.js
FNF:0
FNH:0
DA:1,1
LF:1
LH:1
BRF:0
BRH:0
end_of_record
